<?xml version="1.0" encoding="UTF-8"?>
<robot generator="Robot 7.1.1 (Python 3.10.12 on linux)" generated="2024-11-13T09:17:43.922257" rpa="false" schemaversion="5">
<suite id="s1" name="Tests" source="/home/jkuusto/repos/webcounter/src/tests">
<suite id="s1-s1" name="Increment" source="/home/jkuusto/repos/webcounter/src/tests/increment.robot">
<kw name="Open And Configure Browser" owner="resource" type="SETUP">
<if>
<branch type="IF" condition="$BROWSER == 'chrome'">
<kw name="Evaluate" owner="BuiltIn">
<msg time="2024-11-13T09:17:44.040138" level="INFO">${options} = &lt;selenium.webdriver.chrome.options.Options object at 0x7f7f852b4f10&gt;</msg>
<var>${options}</var>
<arg>sys.modules['selenium.webdriver'].ChromeOptions()</arg>
<arg>sys</arg>
<doc>Evaluates the given expression in Python and returns the result.</doc>
<status status="PASS" start="2024-11-13T09:17:44.039909" elapsed="0.000258"/>
</kw>
<status status="PASS" start="2024-11-13T09:17:44.037585" elapsed="0.002632"/>
</branch>
<branch type="ELSE IF" condition="$BROWSER == 'firefox'">
<kw name="Evaluate" owner="BuiltIn">
<var>${options}</var>
<arg>sys.modules['selenium.webdriver'].FirefoxOptions()</arg>
<arg>sys</arg>
<doc>Evaluates the given expression in Python and returns the result.</doc>
<status status="NOT RUN" start="2024-11-13T09:17:44.040313" elapsed="0.000017"/>
</kw>
<status status="NOT RUN" start="2024-11-13T09:17:44.040243" elapsed="0.000115"/>
</branch>
<status status="PASS" start="2024-11-13T09:17:44.037560" elapsed="0.002816"/>
</if>
<if>
<branch type="IF" condition="$HEADLESS == 'true'">
<kw name="Set Selenium Speed" owner="SeleniumLibrary">
<arg>0</arg>
<doc>Sets the delay that is waited after each Selenium command.</doc>
<status status="PASS" start="2024-11-13T09:17:44.040519" elapsed="0.000117"/>
</kw>
<kw name="Call Method" owner="BuiltIn">
<arg>${options}</arg>
<arg>add_argument</arg>
<arg>--headless</arg>
<doc>Calls the named method of the given object with the provided arguments.</doc>
<status status="PASS" start="2024-11-13T09:17:44.040699" elapsed="0.000088"/>
</kw>
<status status="PASS" start="2024-11-13T09:17:44.040409" elapsed="0.000407"/>
</branch>
<branch type="ELSE">
<kw name="Set Selenium Speed" owner="SeleniumLibrary">
<arg>${DELAY}</arg>
<doc>Sets the delay that is waited after each Selenium command.</doc>
<status status="NOT RUN" start="2024-11-13T09:17:44.040899" elapsed="0.000016"/>
</kw>
<status status="NOT RUN" start="2024-11-13T09:17:44.040834" elapsed="0.000103"/>
</branch>
<status status="PASS" start="2024-11-13T09:17:44.040401" elapsed="0.000552"/>
</if>
<kw name="Open Browser" owner="SeleniumLibrary">
<msg time="2024-11-13T09:17:44.041155" level="INFO">Opening browser 'chrome' to base url 'None'.</msg>
<arg>browser=${BROWSER}</arg>
<arg>options=${options}</arg>
<doc>Opens a new browser instance to the optional ``url``.</doc>
<status status="PASS" start="2024-11-13T09:17:44.041004" elapsed="0.734348"/>
</kw>
<status status="PASS" start="2024-11-13T09:17:44.037318" elapsed="0.738138"/>
</kw>
<test id="s1-s1-t1" name="At start the counter is zero" line="7">
<kw name="Go To" owner="SeleniumLibrary">
<msg time="2024-11-13T09:17:44.775981" level="INFO">Opening url 'http://localhost:5001'</msg>
<arg>${HOME_URL}</arg>
<doc>Navigates the current browser window to the provided ``url``.</doc>
<status status="PASS" start="2024-11-13T09:17:44.775840" elapsed="0.036694"/>
</kw>
<kw name="Title Should Be" owner="SeleniumLibrary">
<msg time="2024-11-13T09:17:44.821902" level="INFO">Page title is 'Laskuri'.</msg>
<arg>Laskuri</arg>
<doc>Verifies that the current page title equals ``title``.</doc>
<status status="PASS" start="2024-11-13T09:17:44.812833" elapsed="0.009161"/>
</kw>
<kw name="Page Should Contain" owner="SeleniumLibrary">
<msg time="2024-11-13T09:17:44.836273" level="INFO">Current page contains text 'nappia painettu 0 kertaa'.</msg>
<arg>nappia painettu 0 kertaa</arg>
<doc>Verifies that current page contains ``text``.</doc>
<status status="PASS" start="2024-11-13T09:17:44.822222" elapsed="0.014143"/>
</kw>
<status status="PASS" start="2024-11-13T09:17:44.775531" elapsed="0.061034"/>
</test>
<test id="s1-s1-t2" name="When button pressed twice the counter is two" line="12">
<kw name="Go To" owner="SeleniumLibrary">
<msg time="2024-11-13T09:17:44.837229" level="INFO">Opening url 'http://localhost:5001'</msg>
<arg>${HOME_URL}</arg>
<doc>Navigates the current browser window to the provided ``url``.</doc>
<status status="PASS" start="2024-11-13T09:17:44.837096" elapsed="0.009656"/>
</kw>
<kw name="Click Button" owner="SeleniumLibrary">
<msg time="2024-11-13T09:17:44.847272" level="INFO">Clicking button 'Paina'.</msg>
<arg>Paina</arg>
<doc>Clicks the button identified by ``locator``.</doc>
<status status="PASS" start="2024-11-13T09:17:44.846968" elapsed="0.062240"/>
</kw>
<kw name="Click Button" owner="SeleniumLibrary">
<msg time="2024-11-13T09:17:44.909615" level="INFO">Clicking button 'Paina'.</msg>
<arg>Paina</arg>
<doc>Clicks the button identified by ``locator``.</doc>
<status status="PASS" start="2024-11-13T09:17:44.909446" elapsed="0.048236"/>
</kw>
<kw name="Page Should Contain" owner="SeleniumLibrary">
<msg time="2024-11-13T09:17:44.973119" level="INFO">Current page contains text 'nappia painettu 2 kertaa'.</msg>
<arg>nappia painettu 2 kertaa</arg>
<doc>Verifies that current page contains ``text``.</doc>
<status status="PASS" start="2024-11-13T09:17:44.958009" elapsed="0.015203"/>
</kw>
<status status="PASS" start="2024-11-13T09:17:44.836795" elapsed="0.136615"/>
</test>
<kw name="Close Browser" owner="SeleniumLibrary" type="TEARDOWN">
<doc>Closes the current browser.</doc>
<status status="PASS" start="2024-11-13T09:17:44.973858" elapsed="0.060494"/>
</kw>
<status status="PASS" start="2024-11-13T09:17:43.934208" elapsed="1.100236"/>
</suite>
<suite id="s1-s2" name="Reset" source="/home/jkuusto/repos/webcounter/src/tests/reset.robot">
<kw name="Open And Configure Browser" owner="resource" type="SETUP">
<if>
<branch type="IF" condition="$BROWSER == 'chrome'">
<kw name="Evaluate" owner="BuiltIn">
<msg time="2024-11-13T09:17:45.037253" level="INFO">${options} = &lt;selenium.webdriver.chrome.options.Options object at 0x7f7f85168f10&gt;</msg>
<var>${options}</var>
<arg>sys.modules['selenium.webdriver'].ChromeOptions()</arg>
<arg>sys</arg>
<doc>Evaluates the given expression in Python and returns the result.</doc>
<status status="PASS" start="2024-11-13T09:17:45.037077" elapsed="0.000203"/>
</kw>
<status status="PASS" start="2024-11-13T09:17:45.036909" elapsed="0.000413"/>
</branch>
<branch type="ELSE IF" condition="$BROWSER == 'firefox'">
<kw name="Evaluate" owner="BuiltIn">
<var>${options}</var>
<arg>sys.modules['selenium.webdriver'].FirefoxOptions()</arg>
<arg>sys</arg>
<doc>Evaluates the given expression in Python and returns the result.</doc>
<status status="NOT RUN" start="2024-11-13T09:17:45.037409" elapsed="0.000016"/>
</kw>
<status status="NOT RUN" start="2024-11-13T09:17:45.037346" elapsed="0.000105"/>
</branch>
<status status="PASS" start="2024-11-13T09:17:45.036894" elapsed="0.000574"/>
</if>
<if>
<branch type="IF" condition="$HEADLESS == 'true'">
<kw name="Set Selenium Speed" owner="SeleniumLibrary">
<arg>0</arg>
<doc>Sets the delay that is waited after each Selenium command.</doc>
<status status="PASS" start="2024-11-13T09:17:45.037603" elapsed="0.000107"/>
</kw>
<kw name="Call Method" owner="BuiltIn">
<arg>${options}</arg>
<arg>add_argument</arg>
<arg>--headless</arg>
<doc>Calls the named method of the given object with the provided arguments.</doc>
<status status="PASS" start="2024-11-13T09:17:45.037779" elapsed="0.000088"/>
</kw>
<status status="PASS" start="2024-11-13T09:17:45.037498" elapsed="0.000398"/>
</branch>
<branch type="ELSE">
<kw name="Set Selenium Speed" owner="SeleniumLibrary">
<arg>${DELAY}</arg>
<doc>Sets the delay that is waited after each Selenium command.</doc>
<status status="NOT RUN" start="2024-11-13T09:17:45.037971" elapsed="0.000014"/>
</kw>
<status status="NOT RUN" start="2024-11-13T09:17:45.037916" elapsed="0.000090"/>
</branch>
<status status="PASS" start="2024-11-13T09:17:45.037490" elapsed="0.000532"/>
</if>
<kw name="Open Browser" owner="SeleniumLibrary">
<msg time="2024-11-13T09:17:45.038268" level="INFO">Opening browser 'chrome' to base url 'None'.</msg>
<arg>browser=${BROWSER}</arg>
<arg>options=${options}</arg>
<doc>Opens a new browser instance to the optional ``url``.</doc>
<status status="PASS" start="2024-11-13T09:17:45.038114" elapsed="0.165897"/>
</kw>
<status status="PASS" start="2024-11-13T09:17:45.036777" elapsed="0.167389"/>
</kw>
<test id="s1-s2-t1" name="When counter has a nonzero value and it is reset the value becomes zero" line="7">
<kw name="Go To" owner="SeleniumLibrary">
<msg time="2024-11-13T09:17:45.204987" level="INFO">Opening url 'http://localhost:5001'</msg>
<arg>${HOME_URL}</arg>
<doc>Navigates the current browser window to the provided ``url``.</doc>
<status status="PASS" start="2024-11-13T09:17:45.204847" elapsed="0.033490"/>
</kw>
<kw name="Click Button" owner="SeleniumLibrary">
<msg time="2024-11-13T09:17:45.238767" level="INFO">Clicking button 'Paina'.</msg>
<arg>Paina</arg>
<doc>Clicks the button identified by ``locator``.</doc>
<status status="PASS" start="2024-11-13T09:17:45.238576" elapsed="0.056606"/>
</kw>
<kw name="Click Button" owner="SeleniumLibrary">
<msg time="2024-11-13T09:17:45.295826" level="INFO">Clicking button 'Nollaa'.</msg>
<arg>Nollaa</arg>
<doc>Clicks the button identified by ``locator``.</doc>
<status status="PASS" start="2024-11-13T09:17:45.295551" elapsed="0.048428"/>
</kw>
<kw name="Page Should Contain" owner="SeleniumLibrary">
<msg time="2024-11-13T09:17:45.354934" level="INFO">Current page contains text 'nappia painettu 0 kertaa'.</msg>
<arg>nappia painettu 0 kertaa</arg>
<doc>Verifies that current page contains ``text``.</doc>
<status status="PASS" start="2024-11-13T09:17:45.344292" elapsed="0.010735"/>
</kw>
<status status="PASS" start="2024-11-13T09:17:45.204280" elapsed="0.150941"/>
</test>
<kw name="Close Browser" owner="SeleniumLibrary" type="TEARDOWN">
<doc>Closes the current browser.</doc>
<status status="PASS" start="2024-11-13T09:17:45.355540" elapsed="0.058766"/>
</kw>
<status status="PASS" start="2024-11-13T09:17:45.034993" elapsed="0.379389"/>
</suite>
<status status="PASS" start="2024-11-13T09:17:43.922765" elapsed="1.492119"/>
</suite>
<statistics>
<total>
<stat pass="3" fail="0" skip="0">All Tests</stat>
</total>
<tag>
</tag>
<suite>
<stat pass="3" fail="0" skip="0" id="s1" name="Tests">Tests</stat>
<stat pass="2" fail="0" skip="0" id="s1-s1" name="Increment">Tests.Increment</stat>
<stat pass="1" fail="0" skip="0" id="s1-s2" name="Reset">Tests.Reset</stat>
</suite>
</statistics>
<errors>
</errors>
</robot>
