<?xml version="1.0" encoding="UTF-8"?>
<robot generator="Robot 7.1.1 (Python 3.10.12 on linux)" generated="2024-11-11T14:47:38.295439" rpa="false" schemaversion="5">
<suite id="s1" name="Tests" source="/home/jkuusto/repos/webcounter/src/tests">
<suite id="s1-s1" name="Increment" source="/home/jkuusto/repos/webcounter/src/tests/increment.robot">
<kw name="Open And Configure Browser" owner="resource" type="SETUP">
<kw name="Set Selenium Speed" owner="SeleniumLibrary">
<arg>${DELAY}</arg>
<doc>Sets the delay that is waited after each Selenium command.</doc>
<status status="PASS" start="2024-11-11T14:47:38.584963" elapsed="0.000353"/>
</kw>
<kw name="Open Browser" owner="SeleniumLibrary">
<msg time="2024-11-11T14:47:38.585750" level="INFO">Opening browser 'chrome' to base url 'None'.</msg>
<arg>browser=${BROWSER}</arg>
<doc>Opens a new browser instance to the optional ``url``.</doc>
<status status="PASS" start="2024-11-11T14:47:38.585498" elapsed="1.937018"/>
</kw>
<status status="PASS" start="2024-11-11T14:47:38.584169" elapsed="1.938470"/>
</kw>
<test id="s1-s1-t1" name="At start the counter is zero" line="7">
<kw name="Go To" owner="SeleniumLibrary">
<msg time="2024-11-11T14:47:40.523386" level="INFO">Opening url 'http://localhost:5001'</msg>
<arg>${HOME_URL}</arg>
<doc>Navigates the current browser window to the provided ``url``.</doc>
<status status="PASS" start="2024-11-11T14:47:40.523164" elapsed="0.679601"/>
</kw>
<kw name="Title Should Be" owner="SeleniumLibrary">
<msg time="2024-11-11T14:47:41.726201" level="INFO">Page title is 'Laskuri'.</msg>
<arg>Laskuri</arg>
<doc>Verifies that the current page title equals ``title``.</doc>
<status status="PASS" start="2024-11-11T14:47:41.203393" elapsed="0.523160"/>
</kw>
<kw name="Page Should Contain" owner="SeleniumLibrary">
<msg time="2024-11-11T14:47:42.768399" level="INFO">Current page contains text 'nappia painettu 0 kertaa'.</msg>
<arg>nappia painettu 0 kertaa</arg>
<doc>Verifies that current page contains ``text``.</doc>
<status status="PASS" start="2024-11-11T14:47:41.727241" elapsed="1.041782"/>
</kw>
<status status="PASS" start="2024-11-11T14:47:40.522735" elapsed="2.247492"/>
</test>
<test id="s1-s1-t2" name="When button pressed twice the counter is two" line="12">
<kw name="Go To" owner="SeleniumLibrary">
<msg time="2024-11-11T14:47:42.773382" level="INFO">Opening url 'http://localhost:5001'</msg>
<arg>${HOME_URL}</arg>
<doc>Navigates the current browser window to the provided ``url``.</doc>
<status status="PASS" start="2024-11-11T14:47:42.772762" elapsed="0.532772"/>
</kw>
<kw name="Click Button" owner="SeleniumLibrary">
<msg time="2024-11-11T14:47:43.306923" level="INFO">Clicking button 'Paina'.</msg>
<arg>Paina</arg>
<doc>Clicks the button identified by ``locator``.</doc>
<status status="PASS" start="2024-11-11T14:47:43.306121" elapsed="1.645667"/>
</kw>
<kw name="Click Button" owner="SeleniumLibrary">
<msg time="2024-11-11T14:47:44.953131" level="INFO">Clicking button 'Paina'.</msg>
<arg>Paina</arg>
<doc>Clicks the button identified by ``locator``.</doc>
<status status="PASS" start="2024-11-11T14:47:44.952515" elapsed="1.642049"/>
</kw>
<kw name="Page Should Contain" owner="SeleniumLibrary">
<msg time="2024-11-11T14:47:47.624740" level="INFO">Current page contains text 'nappia painettu 2 kertaa'.</msg>
<arg>nappia painettu 2 kertaa</arg>
<doc>Verifies that current page contains ``text``.</doc>
<status status="PASS" start="2024-11-11T14:47:46.595326" elapsed="1.029767"/>
</kw>
<status status="PASS" start="2024-11-11T14:47:42.771338" elapsed="4.854321"/>
</test>
<kw name="Close Browser" owner="SeleniumLibrary" type="TEARDOWN">
<doc>Closes the current browser.</doc>
<status status="PASS" start="2024-11-11T14:47:47.627067" elapsed="0.613571"/>
</kw>
<status status="PASS" start="2024-11-11T14:47:38.320030" elapsed="9.920812"/>
</suite>
<status status="PASS" start="2024-11-11T14:47:38.296426" elapsed="9.946132"/>
</suite>
<statistics>
<total>
<stat pass="2" fail="0" skip="0">All Tests</stat>
</total>
<tag>
</tag>
<suite>
<stat pass="2" fail="0" skip="0" id="s1" name="Tests">Tests</stat>
<stat pass="2" fail="0" skip="0" id="s1-s1" name="Increment">Tests.Increment</stat>
</suite>
</statistics>
<errors>
</errors>
</robot>
